Arguments: 
  C:\Program Files\nodejs\node.exe C:\Program Files (x86)\Yarn\bin\yarn.js add mysql

PATH: 
  C:\Python27\;C:\Python27\Scripts;C:\ProgramData\Oracle\Java\javapath;C:\WINDOWS\system32;C:\WINDOWS;C:\WINDOWS\System32\Wbem;C:\WINDOWS\System32\WindowsPowerShell\v1.0\;C:\WINDOWS\System32\OpenSSH\;C:\Program Files\Git\cmd;C:\WINDOWS\system32\config\systemprofile\.dnx\bin;C:\Program Files\Microsoft DNX\Dnvm\;C:\Program Files\Microsoft SQL Server\120\Tools\Binn\;C:\Program Files (x86)\Yarn\bin\;C:\Program Files\nodejs\;C:\ProgramData\chocolatey\bin;C:\Users\NDIFE\AppData\Local\Microsoft\WindowsApps;C:\Program Files\heroku\bin;C:\Users\NDIFE\AppData\Local\Programs\Microsoft VS Code\bin;C:\Program Files\Java\jdk1.8.0_121\bin;C:\Users\Ndife\AppData\Local\Android\sdk\platform-tools;C:\Users\NDIFE\AppData\Local\Yarn\bin;C:\Users\NDIFE\AppData\Roaming\npm

Yarn version: 
  1.19.1

Node version: 
  12.13.0

Platform: 
  win32 x64

Trace: 
  Error: getaddrinfo ENOTFOUND registry.yarnpkg.com
      at GetAddrInfoReqWrap.onlookup [as oncomplete] (dns.js:60:26)

npm manifest: 
  {
    "name": "voting-system",
    "version": "1.0.0",
    "engines": {
      "node": "12.13.0"
    },
    "description": "",
    "main": "server.js",
    "scripts": {
      "start": "node server.js",
      "server": "node server.js",
      "client": "npm start --prefix client",
      "dev": " concurrently \"npm run server\" \"npm run client\"",
      "heroku-postbuild": "NPM_CONFIG_PRODUCTION=false npm install --prefix client && npm run build --prefix client" 
    },
    "author": "",
    "license": "ISC",
    "dependencies": {
      "cors": "^2.8.5",
      "express": "^4.17.1",
      "mysql": "^2.17.1"
    }
  }

yarn manifest: 
  No manifest

Lockfile: 
  No lockfile
